<?xml version="1.0" encoding="UTF-8"?>
<!-- Generated by org.testng.reporters.JUnitXMLReporter -->
<testsuite hostname="Sanjays-MacBook-Air.local" ignored="0" name="Default test" tests="3" failures="0" timestamp="24 Feb 2019 20:25:50 GMT" time="7.082" errors="0">
  <testcase name="step_001" time="0.052" classname="org.freelance.testcases.TC_001_Cruise_itinerary"/>
  <testcase name="step_002" time="0.165" classname="org.freelance.testcases.TC_001_Cruise_itinerary"/>
  <testcase name="step_003" time="6.815" classname="org.freelance.testcases.TC_001_Cruise_itinerary"/>
</testsuite> <!-- Default test -->
